<?xml version="1.0" encoding="UTF-8"?>
<testsuite xmlns:xsi="http://www.w3.org/2001/XMLSchema-instance" xsi:noNamespaceSchemaLocation="https://maven.apache.org/surefire/maven-surefire-plugin/xsd/surefire-test-report-3.0.xsd" version="3.0" name="com.example.expensetracker.ExpensetrackerApplicationTests" time="2.194" tests="1" errors="0" skipped="0" failures="0">
  <properties>
[...]
</properties>
  <testcase name="contextLoads" classname="com.example.expensetracker.ExpensetrackerApplicationTests" time="0.289">
    <system-out><![CDATA[17:42:26.055 [main] INFO org.springframework.test.context.support.AnnotationConfigContextLoaderUtils -- Could not detect default configuration classes for test class [com.example.expensetracker.ExpensetrackerApplicationTests]: ExpensetrackerApplicationTests does not declare any static, non-private, non-final, nested classes annotated with @Configuration.
17:42:26.099 [main] INFO org.springframework.boot.test.context.SpringBootTestContextBootstrapper -- Found @SpringBootConfiguration com.example.expensetracker.ExpenseTrackerApplication for test class com.example.expensetracker.ExpensetrackerApplicationTests

  .   ____          _            __ _ _
 /\\ / ___'_ __ _ _(_)_ __  __ _ \ \ \ \
( ( )\___ | '_ | '_| | '_ \/ _` | \ \ \ \
 \\/  ___)| |_)| | | | | || (_| |  ) ) ) )
  '  |____| .__|_| |_|_| |_\__, | / / / /
 =========|_|==============|___/=/_/_/_/

 :: Spring Boot ::                (v3.3.2)

2024-10-18T17:42:26.308+05:30  INFO 38827 --- [expensetracker] [           main] c.e.e.ExpensetrackerApplicationTests     : Starting ExpensetrackerApplicationTests using Java 22 with PID 38827 (started by dev62 in /home/dev62/Desktop/ExpenseTracker)
2024-10-18T17:42:26.309+05:30  INFO 38827 --- [expensetracker] [           main] c.e.e.ExpensetrackerApplicationTests     : No active profile set, falling back to 1 default profile: "default"
2024-10-18T17:42:26.589+05:30  INFO 38827 --- [expensetracker] [           main] .s.d.r.c.RepositoryConfigurationDelegate : Bootstrapping Spring Data JPA repositories in DEFAULT mode.
2024-10-18T17:42:26.613+05:30  INFO 38827 --- [expensetracker] [           main] .s.d.r.c.RepositoryConfigurationDelegate : Finished Spring Data repository scanning in 20 ms. Found 1 JPA repository interface.
2024-10-18T17:42:26.810+05:30  INFO 38827 --- [expensetracker] [           main] o.hibernate.jpa.internal.util.LogHelper  : HHH000204: Processing PersistenceUnitInfo [name: default]
2024-10-18T17:42:26.833+05:30  INFO 38827 --- [expensetracker] [           main] org.hibernate.Version                    : HHH000412: Hibernate ORM core version 6.5.2.Final
2024-10-18T17:42:26.846+05:30  INFO 38827 --- [expensetracker] [           main] o.h.c.internal.RegionFactoryInitiator    : HHH000026: Second-level cache disabled
2024-10-18T17:42:26.979+05:30  INFO 38827 --- [expensetracker] [           main] o.s.o.j.p.SpringPersistenceUnitInfo      : No LoadTimeWeaver setup: ignoring JPA class transformer
2024-10-18T17:42:26.991+05:30  INFO 38827 --- [expensetracker] [           main] com.zaxxer.hikari.HikariDataSource       : HikariPool-1 - Starting...
2024-10-18T17:42:27.080+05:30  INFO 38827 --- [expensetracker] [           main] com.zaxxer.hikari.pool.HikariPool        : HikariPool-1 - Added connection conn0: url=jdbc:h2:mem:testdb user=SA
2024-10-18T17:42:27.080+05:30  INFO 38827 --- [expensetracker] [           main] com.zaxxer.hikari.HikariDataSource       : HikariPool-1 - Start completed.
2024-10-18T17:42:27.093+05:30  WARN 38827 --- [expensetracker] [           main] org.hibernate.orm.deprecation            : HHH90000025: H2Dialect does not need to be specified explicitly using 'hibernate.dialect' (remove the property setting and it will be selected by default)
2024-10-18T17:42:27.457+05:30  INFO 38827 --- [expensetracker] [           main] o.h.e.t.j.p.i.JtaPlatformInitiator       : HHH000489: No JTA platform available (set 'hibernate.transaction.jta.platform' to enable JTA platform integration)
Hibernate: create table expense (id bigint generated by default as identity, amount numeric(38,2), description varchar(255), primary key (id))
2024-10-18T17:42:27.485+05:30  INFO 38827 --- [expensetracker] [           main] j.LocalContainerEntityManagerFactoryBean : Initialized JPA EntityManagerFactory for persistence unit 'default'
2024-10-18T17:42:27.667+05:30  WARN 38827 --- [expensetracker] [           main] JpaBaseConfiguration$JpaWebConfiguration : spring.jpa.open-in-view is enabled by default. Therefore, database queries may be performed during view rendering. Explicitly configure spring.jpa.open-in-view to disable this warning
2024-10-18T17:42:27.679+05:30  INFO 38827 --- [expensetracker] [           main] o.s.b.a.w.s.WelcomePageHandlerMapping    : Adding welcome page template: index
2024-10-18T17:42:27.844+05:30  INFO 38827 --- [expensetracker] [           main] o.s.b.a.h2.H2ConsoleAutoConfiguration    : H2 console available at '/h2-console'. Database available at 'jdbc:h2:mem:testdb'
2024-10-18T17:42:27.874+05:30  INFO 38827 --- [expensetracker] [           main] c.e.e.ExpensetrackerApplicationTests     : Started ExpensetrackerApplicationTests in 1.715 seconds (process running for 2.144)
]]></system-out>
    <system-err><![CDATA[WARNING: A Java agent has been loaded dynamically (/home/dev62/.m2/repository/net/bytebuddy/byte-buddy-agent/1.14.18/byte-buddy-agent-1.14.18.jar)
WARNING: If a serviceability tool is in use, please run with -XX:+EnableDynamicAgentLoading to hide this warning
WARNING: If a serviceability tool is not in use, please run with -Djdk.instrument.traceUsage for more information
WARNING: Dynamic loading of agents will be disallowed by default in a future release
]]></system-err>
  </testcase>
</testsuite>